PREDICTED_INTRONIC 
35935 1196 
Number of >5000b DELs within 32SCHEMA genes: 24 (out of 7119) 
        rarevar novar
case         24  6312
control      18  5259

	Fisher's Exact Test for Count Data

data:  dat
p-value = 0.759
alternative hypothesis: true odds ratio is not equal to 1
95 percent confidence interval:
 0.5773199 2.1749837
sample estimates:
odds ratio 
   1.11086 

          Cases Person-time
Exposed      24        6336
Unexposed    18        5277
Total        42       11613

	Incidence rate ratio estimate and its significance probability

data:  a b case_total control_total
p-value = 0.7367
95 percent confidence interval:
 0.6027011 2.0460648
sample estimates:
[1] 1.11048


 
 
PREDICTED_LOF 
146864 1196 
Number of >100b DELs within 32SCHEMA genes: 9 (out of 9777) 
        rarevar novar
case         11  6325
control       6  5271

	Fisher's Exact Test for Count Data

data:  dat
p-value = 0.4709
alternative hypothesis: true odds ratio is not equal to 1
95 percent confidence interval:
 0.5174971 5.0346811
sample estimates:
odds ratio 
  1.527768 

          Cases Person-time
Exposed      11        6336
Unexposed     6        5277
Total        17       11613

	Incidence rate ratio estimate and its significance probability

data:  a b case_total control_total
p-value = 0.4008
95 percent confidence interval:
 0.5646928 4.1287112
sample estimates:
[1] 1.52691


 
 
PREDICTED_PROMOTER 
146864 1196 
Number of >100b DELs within 32SCHEMA genes: 1 (out of 1099) 
        rarevar novar
case          4  6332
control       1  5276

	Fisher's Exact Test for Count Data

data:  dat
p-value = 0.3852
alternative hypothesis: true odds ratio is not equal to 1
95 percent confidence interval:
   0.3296691 164.0426675
sample estimates:
odds ratio 
  3.332509 

          Cases Person-time
Exposed       4        6336
Unexposed     1        5277
Total         5       11613

	Incidence rate ratio estimate and its significance probability

data:  a b case_total control_total
p-value = 0.2532
95 percent confidence interval:
  0.3723571 29.8060327
sample estimates:
[1] 3.331439


 
 
PREDICTED_UTR 
146864 1196 
Number of >100b DELs within 32SCHEMA genes: 4 (out of 1625) 
        rarevar novar
case          8  6328
control       1  5276

	Fisher's Exact Test for Count Data

data:  dat
p-value = 0.04607
alternative hypothesis: true odds ratio is not equal to 1
95 percent confidence interval:
   0.8936748 295.6407461
sample estimates:
odds ratio 
  6.669213 

          Cases Person-time
Exposed       8        6336
Unexposed     1        5277
Total         9       11613

	Incidence rate ratio estimate and its significance probability

data:  a b case_total control_total
p-value = 0.0386
95 percent confidence interval:
  0.8333479 53.2718143
sample estimates:
[1] 6.662879


 
 
